Wed Jul  1 03:00:20 UTC 2026 -> Add data lock for musl arm build status data to be written
Wed Jul  1 03:00:35 UTC 2026 -> Add data lock for musl x86-64 build status data to be written
Wed Jul  1 03:00:39 UTC 2026 -> Add data lock for musl riscv64 build status data to be written
Wed Jul  1 03:00:52 UTC 2026 -> Add data lock for musl riscv32 build status data to be written
Wed Jul  1 03:02:15 UTC 2026 -> Add data lock for musl aarch64 build status data to be written
Wed Jul  1 03:02:18 UTC 2026 -> Add data lock for musl x86-64 build status data to be written
Wed Jul  1 03:02:43 UTC 2026 -> Add data lock for musl arm build status data to be written
Wed Jul  1 03:02:48 UTC 2026 -> Add data lock for musl riscv64 build status data to be written
Wed Jul  1 03:03:13 UTC 2026 -> Add data lock for musl riscv32 build status data to be written
Wed Jul  1 03:06:55 CUT 2026 -> Add data lock for windows_nightly x64 build status data to be written
Wed Jul  1 03:09:36 CUT 2026 -> Add data lock for windows_nightly ARM64 build status data to be written
Wed Jul  1 05:36:38 UTC 2026 -> Add data lock for picolibc arm build status data to be written
Wed Jul  1 05:36:45 UTC 2026 -> Add data lock for picolibc hexagon build status data to be written
Wed Jul  1 05:36:53 UTC 2026 -> Add data lock for picolibc riscv32 build status data to be written
Wed Jul  1 05:37:05 UTC 2026 -> Add data lock for picolibc riscv64 build status data to be written
Wed Jul  1 07:30:55 UTC 2026 -> Add data lock for picolibc riscv32 build status data to be written
Wed Jul  1 07:44:40 UTC 2026 -> Add data lock for picolibc hexagon build status data to be written
Wed Jul  1 07:55:08 UTC 2026 -> Add data lock for picolibc aarch64 build status data to be written
Wed Jul  1 07:55:12 UTC 2026 -> Add data lock for picolibc riscv64 build status data to be written
Wed Jul  1 07:57:50 UTC 2026 -> Add data lock for picolibc arm build status data to be written
Wed Jul  1 08:30:14 UTC 2026 -> Add data lock for sanitizer all build status data to be written
Wed Jul  1 09:12:26 UTC 2026 -> Add data lock for reverse_iterator all build status data to be written
Wed Jul  1 10:22:15 AM UTC 2026 -> Add data lock for zephyr aarch64 build status data to be written
Wed Jul  1 10:22:19 AM UTC 2026 -> Add data lock for zephyr riscv64 build status data to be written
Wed Jul  1 10:22:30 AM UTC 2026 -> Add data lock for zephyr riscv32 build status data to be written
Wed Jul  1 10:22:43 AM UTC 2026 -> Add data lock for zephyr arm build status data to be written
Wed Jul  1 10:22:53 AM UTC 2026 -> Add data lock for zephyr riscv32 build status data to be written
Wed Jul  1 10:26:30 UTC 2026 -> Add data lock for sanitizer all build status data to be written
Wed Jul  1 10:29:12 AM UTC 2026 -> Add data lock for zephyr riscv32 build status data to be written
Wed Jul  1 12:46:21 UTC 2026 -> Add data lock for reverse_iterator all build status data to be written
Thu Jul  2 02:59:50 UTC 2026 -> Add data lock for musl aarch64 build status data to be written
Thu Jul  2 03:00:05 UTC 2026 -> Add data lock for musl x86-64 build status data to be written
Thu Jul  2 03:00:12 UTC 2026 -> Add musl riscv64 build status data in DB
Thu Jul  2 03:00:18 UTC 2026 -> Add musl riscv32 build status data in DB
Thu Jul  2 03:00:35 UTC 2026 -> Add data lock for musl arm build status data to be written
Thu Jul  2 03:01:31 UTC 2026 -> Add data lock for musl x86-64 build status data to be written
Thu Jul  2 03:02:07 UTC 2026 -> Add data lock for musl riscv64 build status data to be written
Thu Jul  2 03:02:21 UTC 2026 -> Add data lock for musl riscv32 build status data to be written
Thu Jul  2 03:03:09 UTC 2026 -> Add data lock for musl arm build status data to be written
Thu Jul  2 03:05:08 CUT 2026 -> Add data lock for windows_nightly x64 build status data to be written
Thu Jul  2 03:08:25 CUT 2026 -> Add data lock for windows_nightly ARM64 build status data to be written
Thu Jul  2 05:21:49 UTC 2026 -> Add data lock for picolibc hexagon build status data to be written
Thu Jul  2 05:22:12 UTC 2026 -> Add data lock for picolibc riscv32 build status data to be written
Thu Jul  2 05:22:27 UTC 2026 -> Add data lock for picolibc riscv64 build status data to be written
Thu Jul  2 05:22:40 UTC 2026 -> Add data lock for picolibc arm build status data to be written
Thu Jul  2 05:22:56 UTC 2026 -> Add picolibc aarch64 build status data in DB
Thu Jul  2 06:55:14 CUT 2026 -> Add data lock for windows_nightly x64 build status data to be written
Thu Jul  2 06:56:22 CUT 2026 -> Add data lock for windows_nightly ARM64 build status data to be written
Thu Jul  2 07:18:56 UTC 2026 -> Add data lock for picolibc hexagon build status data to be written
Thu Jul  2 07:42:40 UTC 2026 -> Add data lock for picolibc riscv64 build status data to be written
Thu Jul  2 07:44:38 UTC 2026 -> Add data lock for picolibc riscv32 build status data to be written
Thu Jul  2 07:46:05 UTC 2026 -> Add data lock for picolibc arm build status data to be written
Thu Jul  2 07:49:00 UTC 2026 -> Add data lock for picolibc aarch64 build status data to be written
Thu Jul  2 08:04:31 UTC 2026 -> Add data lock for nightly all build status data to be written
Thu Jul  2 08:07:10 UTC 2026 -> Add data lock for sanitizer all build status data to be written
Thu Jul  2 09:07:36 UTC 2026 -> Add data lock for reverse_iterator all build status data to be written
Thu Jul  2 09:39:42 UTC 2026 -> Add data lock for sanitizer all build status data to be written
Thu Jul  2 10:03:13 AM UTC 2026 -> Add data lock for zephyr riscv32 build status data to be written
Thu Jul  2 10:03:47 AM UTC 2026 -> Add data lock for zephyr arm build status data to be written
Thu Jul  2 10:04:04 AM UTC 2026 -> Add data lock for zephyr aarch64 build status data to be written
Thu Jul  2 10:04:17 AM UTC 2026 -> Add data lock for zephyr riscv64 build status data to be written
Thu Jul  2 10:04:23 AM UTC 2026 -> Add data lock for zephyr riscv32 build status data to be written
Thu Jul  2 10:11:47 AM UTC 2026 -> Add data lock for zephyr riscv32 build status data to be written
